[2025-12-03 19:18:06] 
👀 INICIANDO MODO MONITOR (Ctrl+C para detener)...

[2025-12-03 19:18:06] 🔍 Escaneando procesos...
[2025-12-03 19:18:06] [ALERTA] Proceso ejecutado desde ruta sospechosa: c:\users\memotito\appdata\local\programs\antigravity\antigravity.exe
[2025-12-03 19:18:06] [ALERTA] Proceso ejecutado desde ruta sospechosa: c:\users\memotito\appdata\local\discord\app-1.0.9216\discord.exe
[2025-12-03 19:18:06] [ALERTA] Proceso ejecutado desde ruta sospechosa: c:\users\memotito\appdata\local\programs\python\python312\python.exe
[2025-12-03 19:18:06] [ALERTA] Proceso ejecutado desde ruta sospechosa: c:\users\memotito\appdata\local\discord\app-1.0.9216\discord.exe
[2025-12-03 19:18:06] [ALERTA] Proceso ejecutado desde ruta sospechosa: c:\users\memotito\appdata\local\programs\antigravity\antigravity.exe
[2025-12-03 19:18:06] [ALERTA] Proceso ejecutado desde ruta sospechosa: c:\users\memotito\appdata\local\programs\antigravity\antigravity.exe
[2025-12-03 19:18:07] [ALERTA] Proceso ejecutado desde ruta sospechosa: c:\users\memotito\appdata\local\programs\python\python312\python.exe
[2025-12-03 19:18:07] [ALERTA] Proceso ejecutado desde ruta sospechosa: c:\users\memotito\appdata\local\discord\app-1.0.9216\discord.exe
[2025-12-03 19:18:07] [ALERTA] Proceso sospechoso: cmd.exe (PID 8004)
[2025-12-03 19:18:07] [ALERTA] Proceso ejecutado desde ruta sospechosa: c:\users\memotito\appdata\local\programs\antigravity\antigravity.exe
[2025-12-03 19:18:07] [ALERTA] Proceso ejecutado desde ruta sospechosa: c:\users\memotito\appdata\local\programs\antigravity\antigravity.exe
[2025-12-03 19:18:07] [ALERTA] Proceso ejecutado desde ruta sospechosa: c:\users\memotito\appdata\local\programs\antigravity\antigravity.exe
[2025-12-03 19:18:07] [ALERTA] Proceso sospechoso: powershell.exe (PID 11948)
[2025-12-03 19:18:07] [ALERTA] Proceso ejecutado desde ruta sospechosa: c:\users\memotito\appdata\local\discord\app-1.0.9216\discord.exe
[2025-12-03 19:18:07] [ALERTA] Proceso ejecutado desde ruta sospechosa: c:\users\memotito\appdata\local\programs\python\python312\python.exe
[2025-12-03 19:18:07] [ALERTA] Proceso sospechoso: powershell.exe (PID 14932)
[2025-12-03 19:18:07] [ALERTA] Proceso ejecutado desde ruta sospechosa: c:\users\memotito\appdata\local\programs\antigravity\antigravity.exe
[2025-12-03 19:18:07] [ALERTA] Proceso ejecutado desde ruta sospechosa: c:\users\memotito\appdata\local\programs\antigravity\antigravity.exe
[2025-12-03 19:18:07] [ALERTA] Proceso ejecutado desde ruta sospechosa: c:\users\memotito\appdata\local\discord\app-1.0.9216\discord.exe
[2025-12-03 19:18:07] [ALERTA] Proceso ejecutado desde ruta sospechosa: c:\users\memotito\appdata\local\programs\antigravity\antigravity.exe
[2025-12-03 19:18:07] [ALERTA] Proceso ejecutado desde ruta sospechosa: c:\users\memotito\appdata\local\discord\app-1.0.9216\discord.exe
[2025-12-03 19:18:07] [ALERTA] Proceso ejecutado desde ruta sospechosa: c:\users\memotito\appdata\local\programs\antigravity\antigravity.exe
[2025-12-03 19:18:07] [ALERTA] Proceso ejecutado desde ruta sospechosa: c:\users\memotito\appdata\local\programs\antigravity\antigravity.exe
[2025-12-03 19:18:07] [ALERTA] Proceso sospechoso: cmd.exe (PID 24612)
[2025-12-03 19:18:07] [ALERTA] Proceso sospechoso: powershell.exe (PID 25132)
[2025-12-03 19:18:07] [ALERTA] Proceso ejecutado desde ruta sospechosa: c:\users\memotito\appdata\local\programs\antigravity\antigravity.exe
[2025-12-03 19:18:07] [ALERTA] Proceso ejecutado desde ruta sospechosa: c:\users\memotito\appdata\local\programs\antigravity\antigravity.exe
[2025-12-03 19:18:07] [ALERTA] Proceso ejecutado desde ruta sospechosa: c:\users\memotito\appdata\local\programs\antigravity\resources\app\extensions\antigravity\bin\language_server_windows_x64.exe
[2025-12-03 19:18:12] 🔍 Escaneando puertos...
[2025-12-03 19:18:14] [ALERTA] Puerto abierto detectado: 3389
[2025-12-03 19:18:24] 🔍 Escaneando registro (persistencia)...
[2025-12-03 19:18:24] [ALERTA] Persistencia sospechosa detectada: [Discord] -> "C:\Users\Memotito\AppData\Local\Discord\Update.exe" --processStart Discord.exe
[2025-12-03 19:18:24] [ALERTA] Persistencia sospechosa detectada: [electron.app.Wispr Flow] -> C:\Users\Memotito\AppData\Local\WisprFlow\Wispr Flow.exe
[2025-12-03 19:18:24] [ALERTA] Persistencia sospechosa detectada: [com.squirrel.WisprFlow.WisprFlow] -> C:\Users\Memotito\AppData\Local\WisprFlow\Wispr Flow.exe
[2025-12-03 19:18:34] 🔍 Escaneando procesos...
[2025-12-03 19:18:34] [ALERTA] Proceso con alto consumo: System Idle Process
[2025-12-03 19:18:34] [ALERTA] Proceso ejecutado desde ruta sospechosa: c:\users\memotito\appdata\local\programs\antigravity\antigravity.exe
[2025-12-03 19:18:34] [ALERTA] Proceso ejecutado desde ruta sospechosa: c:\users\memotito\appdata\local\discord\app-1.0.9216\discord.exe
[2025-12-03 19:18:35] [ALERTA] Proceso ejecutado desde ruta sospechosa: c:\users\memotito\appdata\local\programs\python\python312\python.exe
[2025-12-03 19:18:35] [ALERTA] Proceso ejecutado desde ruta sospechosa: c:\users\memotito\appdata\local\discord\app-1.0.9216\discord.exe
[2025-12-03 19:18:35] [ALERTA] Proceso ejecutado desde ruta sospechosa: c:\users\memotito\appdata\local\programs\antigravity\antigravity.exe
[2025-12-03 19:18:35] [ALERTA] Proceso ejecutado desde ruta sospechosa: c:\users\memotito\appdata\local\programs\antigravity\antigravity.exe
[2025-12-03 19:18:35] [ALERTA] Proceso ejecutado desde ruta sospechosa: c:\users\memotito\appdata\local\programs\python\python312\python.exe
[2025-12-03 19:18:35] [ALERTA] Proceso ejecutado desde ruta sospechosa: c:\users\memotito\appdata\local\discord\app-1.0.9216\discord.exe
[2025-12-03 19:18:35] [ALERTA] Proceso sospechoso: cmd.exe (PID 8004)
[2025-12-03 19:18:35] [ALERTA] Proceso ejecutado desde ruta sospechosa: c:\users\memotito\appdata\local\programs\antigravity\antigravity.exe
[2025-12-03 19:18:35] [ALERTA] Proceso ejecutado desde ruta sospechosa: c:\users\memotito\appdata\local\programs\antigravity\antigravity.exe
[2025-12-03 19:18:35] [ALERTA] Proceso ejecutado desde ruta sospechosa: c:\users\memotito\appdata\local\programs\antigravity\antigravity.exe
[2025-12-03 19:18:35] [ALERTA] Proceso sospechoso: powershell.exe (PID 11948)
[2025-12-03 19:18:35] [ALERTA] Proceso ejecutado desde ruta sospechosa: c:\users\memotito\appdata\local\discord\app-1.0.9216\discord.exe
[2025-12-03 19:18:35] [ALERTA] Proceso ejecutado desde ruta sospechosa: c:\users\memotito\appdata\local\programs\python\python312\python.exe
[2025-12-03 19:18:35] [ALERTA] Proceso sospechoso: powershell.exe (PID 14932)
[2025-12-03 19:18:35] [ALERTA] Proceso ejecutado desde ruta sospechosa: c:\users\memotito\appdata\local\programs\antigravity\antigravity.exe
[2025-12-03 19:18:35] [ALERTA] Proceso ejecutado desde ruta sospechosa: c:\users\memotito\appdata\local\programs\antigravity\antigravity.exe
[2025-12-03 19:18:35] [ALERTA] Proceso ejecutado desde ruta sospechosa: c:\users\memotito\appdata\local\discord\app-1.0.9216\discord.exe
[2025-12-03 19:18:35] [ALERTA] Proceso ejecutado desde ruta sospechosa: c:\users\memotito\appdata\local\programs\antigravity\antigravity.exe
[2025-12-03 19:18:35] [ALERTA] Proceso ejecutado desde ruta sospechosa: c:\users\memotito\appdata\local\discord\app-1.0.9216\discord.exe
[2025-12-03 19:18:35] [ALERTA] Proceso ejecutado desde ruta sospechosa: c:\users\memotito\appdata\local\programs\antigravity\antigravity.exe
[2025-12-03 19:18:35] [ALERTA] Proceso ejecutado desde ruta sospechosa: c:\users\memotito\appdata\local\programs\antigravity\antigravity.exe
[2025-12-03 19:18:35] [ALERTA] Proceso sospechoso: cmd.exe (PID 24612)
[2025-12-03 19:18:35] [ALERTA] Proceso sospechoso: powershell.exe (PID 25132)
[2025-12-03 19:18:35] [ALERTA] Proceso ejecutado desde ruta sospechosa: c:\users\memotito\appdata\local\programs\antigravity\antigravity.exe
[2025-12-03 19:18:35] [ALERTA] Proceso ejecutado desde ruta sospechosa: c:\users\memotito\appdata\local\programs\antigravity\antigravity.exe
[2025-12-03 19:18:35] [ALERTA] Proceso ejecutado desde ruta sospechosa: c:\users\memotito\appdata\local\programs\antigravity\resources\app\extensions\antigravity\bin\language_server_windows_x64.exe
[2025-12-03 19:18:40] 🔍 Escaneando puertos...
[2025-12-03 19:18:42] [ALERTA] Puerto abierto detectado: 3389
[2025-12-03 19:18:52] 🔍 Escaneando registro (persistencia)...
[2025-12-03 19:18:52] [ALERTA] Persistencia sospechosa detectada: [Discord] -> "C:\Users\Memotito\AppData\Local\Discord\Update.exe" --processStart Discord.exe
[2025-12-03 19:18:52] [ALERTA] Persistencia sospechosa detectada: [electron.app.Wispr Flow] -> C:\Users\Memotito\AppData\Local\WisprFlow\Wispr Flow.exe
[2025-12-03 19:18:52] [ALERTA] Persistencia sospechosa detectada: [com.squirrel.WisprFlow.WisprFlow] -> C:\Users\Memotito\AppData\Local\WisprFlow\Wispr Flow.exe
[2025-12-03 19:19:02] 🔍 Escaneando procesos...
[2025-12-03 19:19:02] [ALERTA] Proceso con alto consumo: System Idle Process
[2025-12-03 19:19:03] [ALERTA] Proceso ejecutado desde ruta sospechosa: c:\users\memotito\appdata\local\programs\antigravity\antigravity.exe
[2025-12-03 19:19:03] [ALERTA] Proceso ejecutado desde ruta sospechosa: c:\users\memotito\appdata\local\discord\app-1.0.9216\discord.exe
[2025-12-03 19:19:03] [ALERTA] Proceso ejecutado desde ruta sospechosa: c:\users\memotito\appdata\local\programs\python\python312\python.exe
[2025-12-03 19:19:03] [ALERTA] Proceso ejecutado desde ruta sospechosa: c:\users\memotito\appdata\local\discord\app-1.0.9216\discord.exe
[2025-12-03 19:19:03] [ALERTA] Proceso ejecutado desde ruta sospechosa: c:\users\memotito\appdata\local\programs\antigravity\antigravity.exe
[2025-12-03 19:19:03] [ALERTA] Proceso ejecutado desde ruta sospechosa: c:\users\memotito\appdata\local\programs\antigravity\antigravity.exe
[2025-12-03 19:19:03] [ALERTA] Proceso ejecutado desde ruta sospechosa: c:\users\memotito\appdata\local\programs\python\python312\python.exe
[2025-12-03 19:19:03] [ALERTA] Proceso ejecutado desde ruta sospechosa: c:\users\memotito\appdata\local\discord\app-1.0.9216\discord.exe
[2025-12-03 19:19:03] [ALERTA] Proceso sospechoso: cmd.exe (PID 8004)
[2025-12-03 19:19:03] [ALERTA] Proceso ejecutado desde ruta sospechosa: c:\users\memotito\appdata\local\programs\antigravity\antigravity.exe
[2025-12-03 19:19:03] [ALERTA] Proceso ejecutado desde ruta sospechosa: c:\users\memotito\appdata\local\programs\antigravity\antigravity.exe
[2025-12-03 19:19:03] [ALERTA] Proceso ejecutado desde ruta sospechosa: c:\users\memotito\appdata\local\programs\antigravity\antigravity.exe
[2025-12-03 19:19:03] [ALERTA] Proceso sospechoso: powershell.exe (PID 11948)
[2025-12-03 19:19:03] [ALERTA] Proceso ejecutado desde ruta sospechosa: c:\users\memotito\appdata\local\discord\app-1.0.9216\discord.exe
[2025-12-03 19:19:03] [ALERTA] Proceso ejecutado desde ruta sospechosa: c:\users\memotito\appdata\local\programs\python\python312\python.exe
[2025-12-03 19:19:03] [ALERTA] Proceso sospechoso: powershell.exe (PID 14932)
[2025-12-03 19:19:03] [ALERTA] Proceso ejecutado desde ruta sospechosa: c:\users\memotito\appdata\local\programs\antigravity\antigravity.exe
[2025-12-03 19:19:04] [ALERTA] Proceso ejecutado desde ruta sospechosa: c:\users\memotito\appdata\local\programs\antigravity\antigravity.exe
[2025-12-03 19:19:04] [ALERTA] Proceso ejecutado desde ruta sospechosa: c:\users\memotito\appdata\local\discord\app-1.0.9216\discord.exe
[2025-12-03 19:19:04] [ALERTA] Proceso ejecutado desde ruta sospechosa: c:\users\memotito\appdata\local\programs\antigravity\antigravity.exe
[2025-12-03 19:19:04] [ALERTA] Proceso ejecutado desde ruta sospechosa: c:\users\memotito\appdata\local\discord\app-1.0.9216\discord.exe
[2025-12-03 19:19:04] [ALERTA] Proceso ejecutado desde ruta sospechosa: c:\users\memotito\appdata\local\programs\antigravity\antigravity.exe
[2025-12-03 19:19:04] [ALERTA] Proceso ejecutado desde ruta sospechosa: c:\users\memotito\appdata\local\programs\antigravity\antigravity.exe
[2025-12-03 19:19:04] [ALERTA] Proceso sospechoso: cmd.exe (PID 24612)
[2025-12-03 19:19:04] [ALERTA] Proceso sospechoso: powershell.exe (PID 25132)
[2025-12-03 19:19:04] [ALERTA] Proceso ejecutado desde ruta sospechosa: c:\users\memotito\appdata\local\programs\antigravity\antigravity.exe
[2025-12-03 19:19:04] [ALERTA] Proceso ejecutado desde ruta sospechosa: c:\users\memotito\appdata\local\programs\antigravity\antigravity.exe
[2025-12-03 19:19:04] [ALERTA] Proceso ejecutado desde ruta sospechosa: c:\users\memotito\appdata\local\programs\antigravity\resources\app\extensions\antigravity\bin\language_server_windows_x64.exe
[2025-12-03 19:19:09] 🔍 Escaneando puertos...
[2025-12-03 19:19:10] [ALERTA] Puerto abierto detectado: 3389
[2025-12-03 19:19:15] 
🛑 Modo monitor detenido.

[2025-12-03 19:19:36] 
🛡️ Iniciando ESCANEO COMPLETO...

[2025-12-03 19:19:36] 🔍 Escaneando procesos...
[2025-12-03 19:19:36] [ALERTA] Proceso ejecutado desde ruta sospechosa: c:\users\memotito\appdata\local\programs\antigravity\antigravity.exe
[2025-12-03 19:19:36] [ALERTA] Proceso ejecutado desde ruta sospechosa: c:\users\memotito\appdata\local\discord\app-1.0.9216\discord.exe
[2025-12-03 19:19:37] [ALERTA] Proceso ejecutado desde ruta sospechosa: c:\users\memotito\appdata\local\discord\app-1.0.9216\discord.exe
[2025-12-03 19:19:37] [ALERTA] Proceso ejecutado desde ruta sospechosa: c:\users\memotito\appdata\local\programs\antigravity\antigravity.exe
[2025-12-03 19:19:37] [ALERTA] Proceso ejecutado desde ruta sospechosa: c:\users\memotito\appdata\local\programs\antigravity\antigravity.exe
[2025-12-03 19:19:37] [ALERTA] Proceso ejecutado desde ruta sospechosa: c:\users\memotito\appdata\local\programs\python\python312\python.exe
[2025-12-03 19:19:37] [ALERTA] Proceso ejecutado desde ruta sospechosa: c:\users\memotito\appdata\local\discord\app-1.0.9216\discord.exe
[2025-12-03 19:19:37] [ALERTA] Proceso sospechoso: cmd.exe (PID 8004)
[2025-12-03 19:19:37] [ALERTA] Proceso ejecutado desde ruta sospechosa: c:\users\memotito\appdata\local\programs\antigravity\antigravity.exe
[2025-12-03 19:19:37] [ALERTA] Proceso ejecutado desde ruta sospechosa: c:\users\memotito\appdata\local\programs\antigravity\antigravity.exe
[2025-12-03 19:19:37] [ALERTA] Proceso ejecutado desde ruta sospechosa: c:\users\memotito\appdata\local\programs\antigravity\antigravity.exe
[2025-12-03 19:19:37] [ALERTA] Proceso sospechoso: powershell.exe (PID 11948)
[2025-12-03 19:19:37] [ALERTA] Proceso ejecutado desde ruta sospechosa: c:\users\memotito\appdata\local\discord\app-1.0.9216\discord.exe
[2025-12-03 19:19:37] [ALERTA] Proceso ejecutado desde ruta sospechosa: c:\users\memotito\appdata\local\programs\python\python312\python.exe
[2025-12-03 19:19:37] [ALERTA] Proceso sospechoso: powershell.exe (PID 14932)
[2025-12-03 19:19:37] [ALERTA] Proceso ejecutado desde ruta sospechosa: c:\users\memotito\appdata\local\programs\antigravity\antigravity.exe
[2025-12-03 19:19:37] [ALERTA] Proceso ejecutado desde ruta sospechosa: c:\users\memotito\appdata\local\programs\antigravity\antigravity.exe
[2025-12-03 19:19:37] [ALERTA] Proceso ejecutado desde ruta sospechosa: c:\users\memotito\appdata\local\discord\app-1.0.9216\discord.exe
[2025-12-03 19:19:37] [ALERTA] Proceso ejecutado desde ruta sospechosa: c:\users\memotito\appdata\local\programs\antigravity\antigravity.exe
[2025-12-03 19:19:37] [ALERTA] Proceso ejecutado desde ruta sospechosa: c:\users\memotito\appdata\local\discord\app-1.0.9216\discord.exe
[2025-12-03 19:19:37] [ALERTA] Proceso ejecutado desde ruta sospechosa: c:\users\memotito\appdata\local\programs\python\python312\python.exe
[2025-12-03 19:19:37] [ALERTA] Proceso ejecutado desde ruta sospechosa: c:\users\memotito\appdata\local\programs\antigravity\antigravity.exe
[2025-12-03 19:19:37] [ALERTA] Proceso ejecutado desde ruta sospechosa: c:\users\memotito\appdata\local\programs\antigravity\antigravity.exe
[2025-12-03 19:19:37] [ALERTA] Proceso sospechoso: cmd.exe (PID 24612)
[2025-12-03 19:19:37] [ALERTA] Proceso sospechoso: powershell.exe (PID 25132)
[2025-12-03 19:19:37] [ALERTA] Proceso ejecutado desde ruta sospechosa: c:\users\memotito\appdata\local\programs\antigravity\antigravity.exe
[2025-12-03 19:19:37] [ALERTA] Proceso ejecutado desde ruta sospechosa: c:\users\memotito\appdata\local\programs\antigravity\antigravity.exe
[2025-12-03 19:19:37] [ALERTA] Proceso ejecutado desde ruta sospechosa: c:\users\memotito\appdata\local\programs\antigravity\resources\app\extensions\antigravity\bin\language_server_windows_x64.exe
[2025-12-03 19:19:42] 🔍 Escaneando archivos...
[2025-12-03 19:19:47] 🔍 Escaneando puertos...
[2025-12-03 19:19:49] [ALERTA] Puerto abierto detectado: 3389
[2025-12-03 19:19:59] 🔍 Escaneando sistema (servicios, drivers, firewall, tareas)...
[2025-12-03 19:19:59] [INFO] Algunos servicios protegidos no pudieron ser listados, se ignoraron.
[2025-12-03 19:20:19] [ALERTA] Firewall desactivado en uno o más perfiles
[2025-12-03 19:20:19] 🔍 Escaneando registro (persistencia)...
[2025-12-03 19:20:19] [ALERTA] Persistencia sospechosa detectada: [Discord] -> "C:\Users\Memotito\AppData\Local\Discord\Update.exe" --processStart Discord.exe
[2025-12-03 19:20:19] [ALERTA] Persistencia sospechosa detectada: [electron.app.Wispr Flow] -> C:\Users\Memotito\AppData\Local\WisprFlow\Wispr Flow.exe
[2025-12-03 19:20:19] [ALERTA] Persistencia sospechosa detectada: [com.squirrel.WisprFlow.WisprFlow] -> C:\Users\Memotito\AppData\Local\WisprFlow\Wispr Flow.exe
[2025-12-03 19:20:19] ✔ Escaneo completo finalizado.

[2025-12-03 19:27:14] Opción inválida.
[2025-12-03 19:27:14] Opción inválida.
